Using pre-set license
Built from '2022.3/staging' branch; Version is '2022.3.53f1 (df4e529d20d3) revision 14634578'; Using compiler version '192829333'; Build Type 'Release'
OS: 'Windows 11  (10.0.26100) 64bit Professional' Language: 'es' Physical Memory: 15681 MB
BatchMode: 1, IsHumanControllingUs: 0, StartBugReporterOnCrash: 0, Is64bit: 1, IsPro: 1

COMMAND LINE ARGUMENTS:
C:\Program Files\Unity\Hub\Editor\2022.3.53f1\Editor\Unity.exe
-adb2
-batchMode
-noUpm
-name
AssetImportWorker1
-projectPath
C:/Users/deuts/Documents/GitHub/Animacion3D
-logFile
Logs/AssetImportWorker1.log
-srvPort
55978
Successfully changed project path to: C:/Users/deuts/Documents/GitHub/Animacion3D
C:/Users/deuts/Documents/GitHub/Animacion3D
[UnityMemory] Configuration Parameters - Can be set up in boot.config
    "memorysetup-bucket-allocator-granularity=16"
    "memorysetup-bucket-allocator-bucket-count=8"
    "memorysetup-bucket-allocator-block-size=33554432"
    "memorysetup-bucket-allocator-block-count=8"
    "memorysetup-main-allocator-block-size=16777216"
    "memorysetup-thread-allocator-block-size=16777216"
    "memorysetup-gfx-main-allocator-block-size=16777216"
    "memorysetup-gfx-thread-allocator-block-size=16777216"
    "memorysetup-cache-allocator-block-size=4194304"
    "memorysetup-typetree-allocator-block-size=2097152"
    "memorysetup-profiler-bucket-allocator-granularity=16"
    "memorysetup-profiler-bucket-allocator-bucket-count=8"
    "memorysetup-profiler-bucket-allocator-block-size=33554432"
    "memorysetup-profiler-bucket-allocator-block-count=8"
    "memorysetup-profiler-allocator-block-size=16777216"
    "memorysetup-profiler-editor-allocator-block-size=1048576"
    "memorysetup-temp-allocator-size-main=16777216"
    "memorysetup-job-temp-allocator-block-size=2097152"
    "memorysetup-job-temp-allocator-block-size-background=1048576"
    "memorysetup-job-temp-allocator-reduction-small-platforms=262144"
    "memorysetup-allocator-temp-initial-block-size-main=262144"
    "memorysetup-allocator-temp-initial-block-size-worker=262144"
    "memorysetup-temp-allocator-size-background-worker=32768"
    "memorysetup-temp-allocator-size-job-worker=262144"
    "memorysetup-temp-allocator-size-preload-manager=33554432"
    "memorysetup-temp-allocator-size-nav-mesh-worker=65536"
    "memorysetup-temp-allocator-size-audio-worker=65536"
    "memorysetup-temp-allocator-size-cloud-worker=32768"
    "memorysetup-temp-allocator-size-gi-baking-worker=262144"
    "memorysetup-temp-allocator-size-gfx=262144"
Player connection [13704]  Target information:

Player connection [13704]  * "[IP] 192.168.53.236 [Port] 0 [Flags] 2 [Guid] 4123447352 [EditorId] 4123447352 [Version] 1048832 [Id] WindowsEditor(7,tfdemon2701) [Debug] 1 [PackageName] WindowsEditor [ProjectName] Editor" 

Player connection [13704] Host joined multi-casting on [225.0.0.222:54997]...
Player connection [13704] Host joined alternative multi-casting on [225.0.0.222:34997]...
[PhysX] Initialized MultithreadedTaskDispatcher with 12 workers.
Refreshing native plugins compatible for Editor in 9.39 ms, found 3 plugins.
Preloading 0 native plugins for Editor in 0.00 ms.
Initialize engine version: 2022.3.53f1 (df4e529d20d3)
[Subsystems] Discovering subsystems at path C:/Program Files/Unity/Hub/Editor/2022.3.53f1/Editor/Data/Resources/UnitySubsystems
[Subsystems] Discovering subsystems at path C:/Users/deuts/Documents/GitHub/Animacion3D/Assets
GfxDevice: creating device client; threaded=0; jobified=0
Direct3D:
    Version:  Direct3D 11.0 [level 11.1]
    Renderer: AMD Radeon (TM) Graphics (ID=0x15e7)
    Vendor:   ATI
    VRAM:     7840 MB
    Driver:   31.0.21918.3001
Initialize mono
Mono path[0] = 'C:/Program Files/Unity/Hub/Editor/2022.3.53f1/Editor/Data/Managed'
Mono path[1] = 'C:/Program Files/Unity/Hub/Editor/2022.3.53f1/Editor/Data/MonoBleedingEdge/lib/mono/unityjit-win32'
Mono config path = 'C:/Program Files/Unity/Hub/Editor/2022.3.53f1/Editor/Data/MonoBleedingEdge/etc'
Using monoOptions --debugger-agent=transport=dt_socket,embedding=1,server=y,suspend=n,address=127.0.0.1:56188
Begin MonoManager ReloadAssembly
Registering precompiled unity dll's ...
Register platform support module: C:/Program Files/Unity/Hub/Editor/2022.3.53f1/Editor/Data/PlaybackEngines/AndroidPlayer/UnityEditor.Android.Extensions.dll
Register platform support module: C:/Program Files/Unity/Hub/Editor/2022.3.53f1/Editor/Data/PlaybackEngines/WindowsStandaloneSupport/UnityEditor.WindowsStandalone.Extensions.dll
Registered in 0.008334 seconds.
- Loaded All Assemblies, in  0.323 seconds
Native extension for WindowsStandalone target not found
Native extension for Android target not found
Android Extension - Scanning For ADB Devices 280 ms
Mono: successfully reloaded assembly
- Finished resetting the current domain, in  0.556 seconds
Domain Reload Profiling: 877ms
	BeginReloadAssembly (99ms)
		ExecutionOrderSort (0ms)
		DisableScriptedObjects (0ms)
		BackupInstance (0ms)
		ReleaseScriptingObjects (0ms)
		CreateAndSetChildDomain (1ms)
	RebuildCommonClasses (29ms)
	RebuildNativeTypeToScriptingClass (8ms)
	initialDomainReloadingComplete (54ms)
	LoadAllAssembliesAndSetupDomain (131ms)
		LoadAssemblies (98ms)
		RebuildTransferFunctionScriptingTraits (0ms)
		AnalyzeDomain (128ms)
			TypeCache.Refresh (126ms)
				TypeCache.ScanAssembly (114ms)
			ScanForSourceGeneratedMonoScriptInfo (0ms)
			ResolveRequiredComponents (0ms)
	FinalizeReload (557ms)
		ReleaseScriptCaches (0ms)
		RebuildScriptCaches (0ms)
		SetupLoadedEditorAssemblies (513ms)
			LogAssemblyErrors (0ms)
			InitializePlatformSupportModulesInManaged (365ms)
			SetLoadedEditorAssemblies (4ms)
			RefreshPlugins (0ms)
			BeforeProcessingInitializeOnLoad (2ms)
			ProcessInitializeOnLoadAttributes (103ms)
			ProcessInitializeOnLoadMethodAttributes (39ms)
			AfterProcessingInitializeOnLoad (0ms)
			EditorAssembliesLoaded (0ms)
		ExecutionOrderSort2 (0ms)
		AwakeInstancesAfterBackupRestoration (0ms)
========================================================================
Worker process is ready to serve import requests
Caller must complete domain reload
Begin MonoManager ReloadAssembly
- Loaded All Assemblies, in  0.649 seconds
Native extension for WindowsStandalone target not found
Native extension for Android target not found
Mono: successfully reloaded assembly
- Finished resetting the current domain, in  0.495 seconds
Domain Reload Profiling: 1142ms
	BeginReloadAssembly (154ms)
		ExecutionOrderSort (0ms)
		DisableScriptedObjects (5ms)
		BackupInstance (0ms)
		ReleaseScriptingObjects (0ms)
		CreateAndSetChildDomain (29ms)
	RebuildCommonClasses (29ms)
	RebuildNativeTypeToScriptingClass (8ms)
	initialDomainReloadingComplete (43ms)
	LoadAllAssembliesAndSetupDomain (412ms)
		LoadAssemblies (338ms)
		RebuildTransferFunctionScriptingTraits (0ms)
		AnalyzeDomain (163ms)
			TypeCache.Refresh (144ms)
				TypeCache.ScanAssembly (127ms)
			ScanForSourceGeneratedMonoScriptInfo (13ms)
			ResolveRequiredComponents (4ms)
	FinalizeReload (496ms)
		ReleaseScriptCaches (0ms)
		RebuildScriptCaches (0ms)
		SetupLoadedEditorAssemblies (359ms)
			LogAssemblyErrors (0ms)
			InitializePlatformSupportModulesInManaged (19ms)
			SetLoadedEditorAssemblies (3ms)
			RefreshPlugins (0ms)
			BeforeProcessingInitializeOnLoad (55ms)
			ProcessInitializeOnLoadAttributes (257ms)
			ProcessInitializeOnLoadMethodAttributes (19ms)
			AfterProcessingInitializeOnLoad (6ms)
			EditorAssembliesLoaded (0ms)
		ExecutionOrderSort2 (0ms)
		AwakeInstancesAfterBackupRestoration (6ms)
Launched and connected shader compiler UnityShaderCompiler.exe after 0.05 seconds
Refreshing native plugins compatible for Editor in 4.31 ms, found 3 plugins.
Preloading 0 native plugins for Editor in 0.00 ms.
Unloading 3136 Unused Serialized files (Serialized files now loaded: 0)
Unloading 19 unused Assets / (54.7 KB). Loaded Objects now: 3604.
Memory consumption went from 119.0 MB to 119.0 MB.
Total: 3.367600 ms (FindLiveObjects: 0.311100 ms CreateObjectMapping: 0.221100 ms MarkObjects: 2.718100 ms  DeleteObjects: 0.116100 ms)

AssetImportParameters requested are different than current active one (requested -> active):
  custom:container-demuxer-ogg: 62fdf1f143b41e24485cea50d1cbac27 -> 
  custom:video-decoder-ogg-theora: a1e56fd34408186e4bbccfd4996cb3dc -> 
  custom:framework-win-MediaFoundation: 216162199b28c13a410421893ffa2e32 -> 
  custom:CustomObjectIndexerAttribute: 9a22284fe3817be447336de3de66b15e -> 
  custom:container-demuxer-webm: 4f35f7cbe854078d1ac9338744f61a02 -> 
  custom:container-muxer-webm: aa71ff27fc2769a1b78a27578f13a17b -> 
  custom:video-decoder-webm-vp8: 9c59270c3fd7afecdb556c50c9e8de78 -> 
  custom:SearchIndexIgnoredProperties: e643bd26f0fe6173181afceb89e7c659 -> 
  custom:AudioImporter_EditorPlatform: d09bf68614088b80899f8185d706f6e7 -> 
  custom:video-encoder-webm-vp8: eb34c28f22e8b96e1ab97ce403110664 -> 
  custom:audio-decoder-ogg-vorbis: bf7c407c2cedff20999df2af8eb42d56 -> 
  custom:audio-encoder-webm-vorbis: bf7c407c2cedff20999df2af8eb42d56 -> 
========================================================================
Received Import Request.
  Time since last request: 1154540.380375 seconds.
  path: Assets/Scenes
  artifactKey: Guid(c9eb1f72162894047929d2b9040bd2bb) Importer(815301076,1909f56bfc062723c751e8b465ee728b)
Start importing Assets/Scenes using Guid(c9eb1f72162894047929d2b9040bd2bb) Importer(815301076,1909f56bfc062723c751e8b465ee728b) [PhysX] Initialized MultithreadedTaskDispatcher with 12 workers.
 -> (artifact id: 'c064e9382ce740edd6447e3ca6f9656c') in 0.002360 seconds
Number of updated asset objects reloaded before import = 0
Number of asset objects unloaded after import = 0
========================================================================
Received Prepare
Caller must complete domain reload
Begin MonoManager ReloadAssembly
- Loaded All Assemblies, in  0.726 seconds
Native extension for WindowsStandalone target not found
Native extension for Android target not found
Mono: successfully reloaded assembly
- Finished resetting the current domain, in  1.235 seconds
Domain Reload Profiling: 1957ms
	BeginReloadAssembly (238ms)
		ExecutionOrderSort (0ms)
		DisableScriptedObjects (8ms)
		BackupInstance (0ms)
		ReleaseScriptingObjects (0ms)
		CreateAndSetChildDomain (53ms)
	RebuildCommonClasses (52ms)
	RebuildNativeTypeToScriptingClass (13ms)
	initialDomainReloadingComplete (48ms)
	LoadAllAssembliesAndSetupDomain (370ms)
		LoadAssemblies (484ms)
		RebuildTransferFunctionScriptingTraits (0ms)
		AnalyzeDomain (29ms)
			TypeCache.Refresh (13ms)
				TypeCache.ScanAssembly (3ms)
			ScanForSourceGeneratedMonoScriptInfo (7ms)
			ResolveRequiredComponents (5ms)
	FinalizeReload (1236ms)
		ReleaseScriptCaches (0ms)
		RebuildScriptCaches (0ms)
		SetupLoadedEditorAssemblies (439ms)
			LogAssemblyErrors (0ms)
			InitializePlatformSupportModulesInManaged (21ms)
			SetLoadedEditorAssemblies (3ms)
			RefreshPlugins (0ms)
			BeforeProcessingInitializeOnLoad (67ms)
			ProcessInitializeOnLoadAttributes (316ms)
			ProcessInitializeOnLoadMethodAttributes (24ms)
			AfterProcessingInitializeOnLoad (8ms)
			EditorAssembliesLoaded (0ms)
		ExecutionOrderSort2 (0ms)
		AwakeInstancesAfterBackupRestoration (7ms)
Refreshing native plugins compatible for Editor in 6.73 ms, found 4 plugins.
Preloading 0 native plugins for Editor in 0.00 ms.
Unloading 3188 Unused Serialized files (Serialized files now loaded: 0)
Unloading 24 unused Assets / (1.5 MB). Loaded Objects now: 3658.
Memory consumption went from 122.9 MB to 121.3 MB.
Total: 5.668000 ms (FindLiveObjects: 0.551400 ms CreateObjectMapping: 0.401000 ms MarkObjects: 3.746300 ms  DeleteObjects: 0.967000 ms)

Prepare: number of updated asset objects reloaded= 0
AssetImportParameters requested are different than current active one (requested -> active):
  custom:scripting/monoscript/fileName/RuntimeUtils.cs: 49a8d6d39acf72530f3ba75a1f51f271 -> 
  custom:container-demuxer-ogg: 62fdf1f143b41e24485cea50d1cbac27 -> 
  custom:scripting/monoscript/fileName/AlembicStreamPlayer.cs: 8f4372087c9039bf44ab74bc4610a5d0 -> 
  custom:scripting/monoscript/fileName/AlembicStreamPlayerEditor.cs: 7a4b99ad98578c7869a1bb86def839f9 -> 
  custom:scripting/monoscript/fileName/AlembicElement.cs: c34c674ea13806d78459b76f348a1307 -> 
  custom:scripting/monoscript/fileName/AlembicMesh.cs: 926339ed52b5c6d5c76626b6362e447c -> 
  custom:scripting/monoscript/fileName/AlembicSubD.cs: 7fcbc0838544c4f71f760dc27a5290b4 -> 
  custom:scripting/monoscript/fileName/AlembicTreeNode.cs: 9aecf1f392298bac22ee874ff0624dee -> 
  custom:video-decoder-ogg-theora: a1e56fd34408186e4bbccfd4996cb3dc -> 
  custom:scripting/monoscript/fileName/AlembicPointsCloud.cs: 5b1b972a66c8504e29bdc480027d296a -> 
  custom:framework-win-MediaFoundation: 216162199b28c13a410421893ffa2e32 -> 
  custom:scripting/monoscript/fileName/AbcAPI.cs: 143a8c12b084212721e8f0a532c0abe8 -> 
  custom:scripting/monoscript/fileName/AlembicExporterEditor.cs: 21ea63c25a147755fe1e52c74f9370e8 -> 
  custom:scripting/monoscript/fileName/AlembicShotPlayable.cs: e0243d0066ac005d02ea7051908ba110 -> 
  custom:scripting/monoscript/fileName/Utils.cs: 6bbb5cd540a964a7b0c27ee64e69cf55 -> 40c528c300bfc0733192292a788cb076
  custom:scripting/monoscript/fileName/AlembicBuildPostProcess.cs: fa0fe0997cb83f69f81e9d956736ca13 -> 
  custom:CustomObjectIndexerAttribute: 9a22284fe3817be447336de3de66b15e -> 
  custom:scripting/monoscript/fileName/IStreamDescriptor.cs: f297b45a9c830aecd8e367f21a83c5b8 -> 
  custom:scripting/monoscript/fileName/AlembicExporter.cs: 0cf0931e9246c0ae3d6aa90bfaf4e53f -> 
  custom:scripting/monoscript/fileName/BoolDrawer.cs: b85645c6f464969831e77d3f2b205656 -> 
  custom:scripting/monoscript/fileName/AlembicCurvesElement.cs: bec9afecaf786e35c51a904c1347788e -> 
  custom:container-demuxer-webm: 4f35f7cbe854078d1ac9338744f61a02 -> 
  custom:scripting/monoscript/fileName/AlembicImporterAnalytics.cs: 40d5003590a401977a95c7cd44a406f2 -> 
  custom:scripting/monoscript/fileName/AlembicShotAssetEditor.cs: e4ffdada24f8c0859f7c2b18bad5e8b9 -> 
  custom:scripting/monoscript/fileName/AlembicSettings.cs: 7bc2bf2fbe84674497f5bba3a87d4ee4 -> 
  custom:scripting/monoscript/fileName/AlembicStreamDescriptorEditor.cs: b1dcad59c030aa69348753838f28b82d -> 
  custom:scripting/monoscript/fileName/AlembicCurves.cs: c4f060f5ff69922e7bc0c3b6317fd96b -> 
  custom:scripting/monoscript/fileName/AlembicPoints.cs: 36dbf26d272c1220cdf94f4a0acb26dd -> 
  custom:scripting/monoscript/fileName/AlembicStreamDescriptor.cs: 32283c3fc465b47e14c29ec0f26bcbcf -> 
  custom:container-muxer-webm: aa71ff27fc2769a1b78a27578f13a17b -> 
  custom:video-decoder-webm-vp8: 9c59270c3fd7afecdb556c50c9e8de78 -> 
  custom:scripting/monoscript/fileName/AlembicCustomDataEditor.cs: 52d9584473b8f2726330190872b61f0e -> 
  custom:SearchIndexIgnoredProperties: e643bd26f0fe6173181afceb89e7c659 -> 
  custom:scripting/monoscript/fileName/PinnedArray.cs: dcfd79469ecc5a5e95bf3c04f23b508c -> 
  custom:AudioImporter_EditorPlatform: d09bf68614088b80899f8185d706f6e7 -> 
  custom:scripting/monoscript/fileName/AlembicTrack.cs: d210c35716585f36369a23a06f82cc07 -> 
  custom:scripting/monoscript/fileName/AlembicCamera.cs: b51b8c1764fc5f22dddc20d274281ba2 -> 
  custom:scripting/monoscript/fileName/AlembicXForm.cs: 85f18a946057f89f8aabb0537253719d -> 
  custom:scripting/monoscript/fileName/AlembicImporterEditor.cs: aabfbd00e334a3e96ad87edded67a1dd -> 
  custom:scripting/monoscript/fileName/AlembicCustomData.cs: 5d53aeca1f0f0c9fe7d5b4a7f00acd72 -> 
  custom:scripting/monoscript/fileName/ReadOnlyAttribute.cs: bba0d26cfc9a7d228f28fa2b563977d1 -> 
  custom:scripting/monoscript/fileName/AlembicStreamAnalytics.cs: ed7e919f7018eef2a361e07ecfabb83b -> 
  custom:scripting/precompiled-assembly-types:Unity.Formats.Alembic.Editor: 2cdb9a7227d4a03b0cab19692ab77733 -> 
  custom:scripting/monoscript/fileName/Bool.cs: 35fc3606667852db30aad3050d0ee201 -> 
  custom:video-encoder-webm-vp8: eb34c28f22e8b96e1ab97ce403110664 -> 
  custom:scripting/monoscript/fileName/AlembicBuildAnalytics.cs: b5e2f765728b4894f7e11d57c0060d1f -> 
  custom:audio-decoder-ogg-vorbis: bf7c407c2cedff20999df2af8eb42d56 -> 
  custom:scripting/monoscript/fileName/EmbeddedAlembicStreamDescriptor.cs: b06f6b1207ae60f49417827f0304d64f -> 
  custom:scripting/monoscript/fileName/AlembicPointsRenderer.cs: 56aa81b64bc31f3e570a14f6640cad04 -> 
  custom:scripting/monoscript/fileName/AlembicExporterAnalytics.cs: 80d8b8b1e50cadd939c1102d811bba69 -> 
  custom:scripting/monoscript/fileName/AlembicShotAsset.cs: 144242e47ca113f8300d9a7f38e78958 -> 
  custom:audio-encoder-webm-vorbis: bf7c407c2cedff20999df2af8eb42d56 -> 
  custom:scripting/precompiled-assembly-types:Unity.Formats.Alembic.Runtime: 8a425ca270c6b46a43031d2a46763fdb -> 
  custom:scripting/monoscript/fileName/AlembicCurvesRenderer.cs: 3deed6327d4286b134ce898c532b1a32 -> 
  custom:scripting/monoscript/fileName/AlembicStream.cs: 593dc01bc05eaa18d2db73b2414d4873 -> 
  custom:scripting/monoscript/fileName/CameraData.cs: 876e3be78866935bb725b07fda809d78 -> 
  custom:scripting/monoscript/fileName/AlembicExporter_impl.cs: b9cc0931d0880d2a9e8a35c2ae3a7b4c -> 
  custom:scripting/monoscript/fileName/AlembicImporter.cs: b49e021e677faa30a240751efaafbf90 -> 
========================================================================
Received Import Request.
  Time since last request: 91.102480 seconds.
  path: Assets/Models/Ger/EjemploLiquido.abc
  artifactKey: Guid(b17d38e27f1e63047be0d4ff64490736) Importer(815301076,1909f56bfc062723c751e8b465ee728b)
Start importing Assets/Models/Ger/EjemploLiquido.abc using Guid(b17d38e27f1e63047be0d4ff64490736) Importer(815301076,1909f56bfc062723c751e8b465ee728b) [PhysX] Initialized MultithreadedTaskDispatcher with 12 workers.
[PhysX] Initialized MultithreadedTaskDispatcher with 12 workers.
[PhysX] Initialized MultithreadedTaskDispatcher with 12 workers.
[PhysX] Initialized MultithreadedTaskDispatcher with 12 workers.
[PhysX] Initialized MultithreadedTaskDispatcher with 12 workers.
[PhysX] Initialized MultithreadedTaskDispatcher with 12 workers.
[PhysX] Initialized MultithreadedTaskDispatcher with 12 workers.
[PhysX] Initialized MultithreadedTaskDispatcher with 12 workers.
[PhysX] Initialized MultithreadedTaskDispatcher with 12 workers.
 -> (artifact id: '56561a438fefef8eef2402a003fbda03') in 0.213977 seconds
Number of updated asset objects reloaded before import = 0
Number of asset objects unloaded after import = 37
